Using pre-set license
Built from '2020.2/staging' branch; Version is '2020.2.7f1 (c53830e277f1) revision 12924976'; Using compiler version '192528614'; Build Type 'Release'
OS: 'Windows 10 Pro; OS build 18362.30; Version 1903; 64bit' Language: 'en' Physical Memory: 8050 MB
BatchMode: 1, IsHumanControllingUs: 0, StartBugReporterOnCrash: 0, Is64bit: 1, IsPro: 0

 COMMAND LINE ARGUMENTS:
C:\Program Files\Unity\Editor\Unity.exe
-adb2
-batchMode
-noUpm
-name
AssetImportWorker0
-projectPath
E:/MyWork/20210805_unity_shinizawa/Work/FloatingTime
-logFile
Logs/AssetImportWorker0.log
-srvPort
63835
Successfully changed project path to: E:/MyWork/20210805_unity_shinizawa/Work/FloatingTime
E:/MyWork/20210805_unity_shinizawa/Work/FloatingTime
Using Asset Import Pipeline V2.
Unable to join player connection multicast group.

Unable to join player connection alternative multicast group.

Refreshing native plugins compatible for Editor in 23.65 ms, found 0 plugins.
Preloading 0 native plugins for Editor in 0.00 ms.
Initialize engine version: 2020.2.7f1 (c53830e277f1)
[Subsystems] Discovering subsystems at path C:/Program Files/Unity/Editor/Data/Resources/UnitySubsystems
[Subsystems] Discovering subsystems at path E:/MyWork/20210805_unity_shinizawa/Work/FloatingTime/Assets
GfxDevice: creating device client; threaded=0
Direct3D:
    Version:  Direct3D 11.0 [level 11.0]
    Renderer: NVIDIA GeForce GT 740 (ID=0xfc8)
    Vendor:   
    VRAM:     4052 MB
    Driver:   30.0.14.7111
Initialize mono
Mono path[0] = 'C:/Program Files/Unity/Editor/Data/Managed'
Mono path[1] = 'C:/Program Files/Unity/Editor/Data/MonoBleedingEdge/lib/mono/unityjit'
Mono config path = 'C:/Program Files/Unity/Editor/Data/MonoBleedingEdge/etc'
Using monoOptions --debugger-agent=transport=dt_socket,embedding=1,server=y,suspend=n,address=127.0.0.1:56488
Begin MonoManager ReloadAssembly
Registering precompiled unity dll's ...
Register platform support module: C:/Program Files/Unity/Editor/Data/PlaybackEngines/WindowsStandaloneSupport/UnityEditor.WindowsStandalone.Extensions.dll
Registered in 0.001885 seconds.
Native extension for WindowsStandalone target not found
Refreshing native plugins compatible for Editor in 25.79 ms, found 0 plugins.
Preloading 0 native plugins for Editor in 0.00 ms.
Invoked RoslynAnalysisRunner static constructor.
RoslynAnalysisRunner will not be running.
RoslynAnalysisRunner has terminated.
Mono: successfully reloaded assembly
- Completed reload, in  0.953 seconds
Platform modules already initialized, skipping
Registering precompiled user dll's ...
Registered in 0.000462 seconds.
Begin MonoManager ReloadAssembly
Native extension for WindowsStandalone target not found
Refreshing native plugins compatible for Editor in 0.20 ms, found 0 plugins.
Preloading 0 native plugins for Editor in 0.00 ms.
Invoked RoslynAnalysisRunner static constructor.
RoslynAnalysisRunner will not be running.
RoslynAnalysisRunner has terminated.
Mono: successfully reloaded assembly
- Completed reload, in  0.755 seconds
Platform modules already initialized, skipping
========================================================================
Worker process is ready to serve import requests
Launched and connected shader compiler UnityShaderCompiler.exe after 0.10 seconds
Refreshing native plugins compatible for Editor in 0.19 ms, found 0 plugins.
Preloading 0 native plugins for Editor in 0.00 ms.
Unloading 1125 Unused Serialized files (Serialized files now loaded: 0)
System memory in use before: 57.2 MB.
System memory in use after: 57.3 MB.

Unloading 9 unused Assets to reduce memory usage. Loaded Objects now: 1568.
Total: 1.671800 ms (FindLiveObjects: 0.152100 ms CreateObjectMapping: 0.039900 ms MarkObjects: 1.416200 ms  DeleteObjects: 0.062500 ms)

========================================================================
Received Import Request.
  path: Assets/Prefab/SevenSeg.prefab
  artifactKey: Guid(0d8bf48a8be13bb429ed3bddca2b8ae8) Importer(815301076,1909f56bfc062723c751e8b465ee728b)
Start importing Assets/Prefab/SevenSeg.prefab using Guid(0d8bf48a8be13bb429ed3bddca2b8ae8) Importer(815301076,1909f56bfc062723c751e8b465ee728b)  -> (artifact id: '7bdbe9b29125ae6cfc35b5cbbf23a324') in 0.367320 seconds
  Import took 0.385620 seconds .

========================================================================
Received Import Request.
  Time since last request: 1.855893 seconds.
  path: Assets/Prefab/SevenSeg.prefab
  artifactKey: Guid(0d8bf48a8be13bb429ed3bddca2b8ae8) Importer(815301076,1909f56bfc062723c751e8b465ee728b)
Start importing Assets/Prefab/SevenSeg.prefab using Guid(0d8bf48a8be13bb429ed3bddca2b8ae8) Importer(815301076,1909f56bfc062723c751e8b465ee728b)  -> (artifact id: '89056274b5288765ba18dd00c5b799ce') in 0.029568 seconds
  Import took 0.039000 seconds .

========================================================================
Received Import Request.
  Time since last request: 11.812560 seconds.
  path: Assets/Prefab/SevenSeg.prefab
  artifactKey: Guid(0d8bf48a8be13bb429ed3bddca2b8ae8) Importer(815301076,1909f56bfc062723c751e8b465ee728b)
Start importing Assets/Prefab/SevenSeg.prefab using Guid(0d8bf48a8be13bb429ed3bddca2b8ae8) Importer(815301076,1909f56bfc062723c751e8b465ee728b)  -> (artifact id: '8165fc0e1c3e1c426b73e5b166468c1f') in 0.009236 seconds
  Import took 0.011628 seconds .

========================================================================
Received Import Request.
  Time since last request: 2.727673 seconds.
  path: Assets/Prefab/SevenSeg.prefab
  artifactKey: Guid(0d8bf48a8be13bb429ed3bddca2b8ae8) Importer(815301076,1909f56bfc062723c751e8b465ee728b)
Start importing Assets/Prefab/SevenSeg.prefab using Guid(0d8bf48a8be13bb429ed3bddca2b8ae8) Importer(815301076,1909f56bfc062723c751e8b465ee728b)  -> (artifact id: 'c9ead8110e1b5f0f2a6811ac53d7b4d7') in 0.009750 seconds
  Import took 0.017393 seconds .

========================================================================
Received Prepare
Registering precompiled user dll's ...
Registered in 0.000404 seconds.
Begin MonoManager ReloadAssembly
Native extension for WindowsStandalone target not found
Refreshing native plugins compatible for Editor in 0.28 ms, found 0 plugins.
Preloading 0 native plugins for Editor in 0.00 ms.
Invoked RoslynAnalysisRunner static constructor.
RoslynAnalysisRunner will not be running.
RoslynAnalysisRunner has terminated.
Mono: successfully reloaded assembly
- Completed reload, in  0.711 seconds
Platform modules already initialized, skipping
Refreshing native plugins compatible for Editor in 0.25 ms, found 0 plugins.
Preloading 0 native plugins for Editor in 0.00 ms.
Unloading 1119 Unused Serialized files (Serialized files now loaded: 0)
System memory in use before: 60.2 MB.
System memory in use after: 60.3 MB.

Unloading 4 unused Assets to reduce memory usage. Loaded Objects now: 1579.
Total: 1.683300 ms (FindLiveObjects: 0.160900 ms CreateObjectMapping: 0.042500 ms MarkObjects: 1.460800 ms  DeleteObjects: 0.018300 ms)

========================================================================
Received Prepare
Refreshing native plugins compatible for Editor in 0.60 ms, found 0 plugins.
Preloading 0 native plugins for Editor in 0.00 ms.
Unloading 2 Unused Serialized files (Serialized files now loaded: 0)
System memory in use before: 38.1 MB.
System memory in use after: 38.2 MB.

Unloading 2 unused Assets to reduce memory usage. Loaded Objects now: 1579.
Total: 1.648700 ms (FindLiveObjects: 0.164000 ms CreateObjectMapping: 0.055600 ms MarkObjects: 1.413700 ms  DeleteObjects: 0.014100 ms)

AssetImportWorkerClient::OnTransportError - code=2 error=End of file
